
running 1 test
test context::complexity::complexity_tests::test_complexity_eth_deposit_contract ... FAILED

failures:

failures:
    context::complexity::complexity_tests::test_complexity_eth_deposit_contract

test result: FAILED. 0 passed; 1 failed; 0 ignored; 0 measured; 31 filtered out; finished in 0.04s

